# JRE version: Java(TM) SE Runtime Environment (8.0_51-b16) (build 1.8.0_51-b16)
# Java VM: Java HotSpot(TM) 64-Bit Server VM (25.51-b03 mixed mode windows-amd64 compressed oops)
Heap:
 PSYoungGen      total 321536K, used 188187K [0x00000000eab00000, 0x0000000100000000, 0x0000000100000000)
  eden space 293888K, 64% used [0x00000000eab00000,0x00000000f62c6f68,0x00000000fca00000)
  from space 27648K, 0% used [0x00000000fca00000,0x00000000fca00000,0x00000000fe500000)
  to   space 26624K, 0% used [0x00000000fe600000,0x00000000fe600000,0x0000000100000000)
 ParOldGen       total 148992K, used 33550K [0x00000000c0000000, 0x00000000c9180000, 0x00000000eab00000)
  object space 148992K, 22% used [0x00000000c0000000,0x00000000c20c3918,0x00000000c9180000)
 Metaspace       used 56766K, capacity 58488K, committed 60160K, reserved 1101824K
  class space    used 7500K, capacity 7849K, committed 8448K, reserved 1048576K
GC Heap History (10 events):
Event: 32.625 GC heap before
{Heap before GC invocations=11 (full 2):
 PSYoungGen      total 317952K, used 75992K [0x00000000eab00000, 0x0000000100000000, 0x0000000100000000)
  eden space 300032K, 19% used [0x00000000eab00000,0x00000000ee3b6160,0x00000000fd000000)
  from space 17920K, 99% used [0x00000000fee80000,0x00000000ffffff28,0x0000000100000000)
  to   space 24576K, 0% used [0x00000000fd000000,0x00000000fd000000,0x00000000fe800000)
 ParOldGen       total 148992K, used 27532K [0x00000000c0000000, 0x00000000c9180000, 0x00000000eab00000)
  object space 148992K, 18% used [0x00000000c0000000,0x00000000c1ae33c0,0x00000000c9180000)
 Metaspace       used 46582K, capacity 48304K, committed 48512K, reserved 1091584K
  class space    used 6385K, capacity 6784K, committed 6784K, reserved 1048576K
Event: 32.638 GC heap after
Heap after GC invocations=11 (full 2):
 PSYoungGen      total 322560K, used 22480K [0x00000000eab00000, 0x0000000100000000, 0x0000000100000000)
  eden space 300032K, 0% used [0x00000000eab00000,0x00000000eab00000,0x00000000fd000000)
  from space 22528K, 99% used [0x00000000fd000000,0x00000000fe5f43d8,0x00000000fe600000)
  to   space 26624K, 0% used [0x00000000fe600000,0x00000000fe600000,0x0000000100000000)
 ParOldGen       total 148992K, used 27540K [0x00000000c0000000, 0x00000000c9180000, 0x00000000eab00000)
  object space 148992K, 18% used [0x00000000c0000000,0x00000000c1ae53c0,0x00000000c9180000)
 Metaspace       used 46582K, capacity 48304K, committed 48512K, reserved 1091584K
  class space    used 6385K, capacity 6784K, committed 6784K, reserved 1048576K
}
Event: 32.638 GC heap before
{Heap before GC invocations=12 (full 3):
 PSYoungGen      total 322560K, used 22480K [0x00000000eab00000, 0x0000000100000000, 0x0000000100000000)
  eden space 300032K, 0% used [0x00000000eab00000,0x00000000eab00000,0x00000000fd000000)
  from space 22528K, 99% used [0x00000000fd000000,0x00000000fe5f43d8,0x00000000fe600000)
  to   space 26624K, 0% used [0x00000000fe600000,0x00000000fe600000,0x0000000100000000)
 ParOldGen       total 148992K, used 27540K [0x00000000c0000000, 0x00000000c9180000, 0x00000000eab00000)
  object space 148992K, 18% used [0x00000000c0000000,0x00000000c1ae53c0,0x00000000c9180000)
 Metaspace       used 46582K, capacity 48304K, committed 48512K, reserved 1091584K
  class space    used 6385K, capacity 6784K, committed 6784K, reserved 1048576K
Event: 32.900 GC heap after
Heap after GC invocations=12 (full 3):
 PSYoungGen      total 322560K, used 0K [0x00000000eab00000, 0x0000000100000000, 0x0000000100000000)
  eden space 300032K, 0% used [0x00000000eab00000,0x00000000eab00000,0x00000000fd000000)
  from space 22528K, 0% used [0x00000000fd000000,0x00000000fd000000,0x00000000fe600000)
  to   space 26624K, 0% used [0x00000000fe600000,0x00000000fe600000,0x0000000100000000)
 ParOldGen       total 148992K, used 39483K [0x00000000c0000000, 0x00000000c9180000, 0x00000000eab00000)
  object space 148992K, 26% used [0x00000000c0000000,0x00000000c268eed8,0x00000000c9180000)
 Metaspace       used 46582K, capacity 48304K, committed 48512K, reserved 1091584K
  class space    used 6385K, capacity 6784K, committed 6784K, reserved 1048576K
}
Event: 49.893 GC heap before
{Heap before GC invocations=13 (full 3):
 PSYoungGen      total 322560K, used 300032K [0x00000000eab00000, 0x0000000100000000, 0x0000000100000000)
  eden space 300032K, 100% used [0x00000000eab00000,0x00000000fd000000,0x00000000fd000000)
  from space 22528K, 0% used [0x00000000fd000000,0x00000000fd000000,0x00000000fe600000)
  to   space 26624K, 0% used [0x00000000fe600000,0x00000000fe600000,0x0000000100000000)
 ParOldGen       total 148992K, used 39483K [0x00000000c0000000, 0x00000000c9180000, 0x00000000eab00000)
  object space 148992K, 26% used [0x00000000c0000000,0x00000000c268eed8,0x00000000c9180000)
 Metaspace       used 50893K, capacity 52988K, committed 53120K, reserved 1095680K
  class space    used 6933K, capacity 7469K, committed 7552K, reserved 1048576K
Event: 49.938 GC heap after
Heap after GC invocations=13 (full 3):
 PSYoungGen      total 320512K, used 15945K [0x00000000eab00000, 0x0000000100000000, 0x0000000100000000)
  eden space 293888K, 0% used [0x00000000eab00000,0x00000000eab00000,0x00000000fca00000)
  from space 26624K, 59% used [0x00000000fe600000,0x00000000ff592798,0x0000000100000000)
  to   space 27648K, 0% used [0x00000000fca00000,0x00000000fca00000,0x00000000fe500000)
 ParOldGen       total 148992K, used 39491K [0x00000000c0000000, 0x00000000c9180000, 0x00000000eab00000)
  object space 148992K, 26% used [0x00000000c0000000,0x00000000c2690ed8,0x00000000c9180000)
 Metaspace       used 50893K, capacity 52988K, committed 53120K, reserved 1095680K
  class space    used 6933K, capacity 7469K, committed 7552K, reserved 1048576K
}
Event: 4320.489 GC heap before
{Heap before GC invocations=14 (full 3):
 PSYoungGen      total 320512K, used 306820K [0x00000000eab00000, 0x0000000100000000, 0x0000000100000000)
  eden space 293888K, 98% used [0x00000000eab00000,0x00000000fc70e9c0,0x00000000fca00000)
  from space 26624K, 59% used [0x00000000fe600000,0x00000000ff592798,0x0000000100000000)
  to   space 27648K, 0% used [0x00000000fca00000,0x00000000fca00000,0x00000000fe500000)
 ParOldGen       total 148992K, used 39491K [0x00000000c0000000, 0x00000000c9180000, 0x00000000eab00000)
  object space 148992K, 26% used [0x00000000c0000000,0x00000000c2690ed8,0x00000000c9180000)
 Metaspace       used 57587K, capacity 59848K, committed 60160K, reserved 1101824K
  class space    used 7759K, capacity 8338K, committed 8448K, reserved 1048576K
Event: 4320.505 GC heap after
Heap after GC invocations=14 (full 3):
 PSYoungGen      total 321536K, used 10439K [0x00000000eab00000, 0x0000000100000000, 0x0000000100000000)
  eden space 293888K, 0% used [0x00000000eab00000,0x00000000eab00000,0x00000000fca00000)
  from space 27648K, 37% used [0x00000000fca00000,0x00000000fd431d10,0x00000000fe500000)
  to   space 26624K, 0% used [0x00000000fe600000,0x00000000fe600000,0x0000000100000000)
 ParOldGen       total 148992K, used 42290K [0x00000000c0000000, 0x00000000c9180000, 0x00000000eab00000)
  object space 148992K, 28% used [0x00000000c0000000,0x00000000c294c848,0x00000000c9180000)
 Metaspace       used 57587K, capacity 59848K, committed 60160K, reserved 1101824K
  class space    used 7759K, capacity 8338K, committed 8448K, reserved 1048576K
}
Event: 4320.505 GC heap before
{Heap before GC invocations=15 (full 4):
 PSYoungGen      total 321536K, used 10439K [0x00000000eab00000, 0x0000000100000000, 0x0000000100000000)
  eden space 293888K, 0% used [0x00000000eab00000,0x00000000eab00000,0x00000000fca00000)
  from space 27648K, 37% used [0x00000000fca00000,0x00000000fd431d10,0x00000000fe500000)
  to   space 26624K, 0% used [0x00000000fe600000,0x00000000fe600000,0x0000000100000000)
 ParOldGen       total 148992K, used 42290K [0x00000000c0000000, 0x00000000c9180000, 0x00000000eab00000)
  object space 148992K, 28% used [0x00000000c0000000,0x00000000c294c848,0x00000000c9180000)
 Metaspace       used 57587K, capacity 59848K, committed 60160K, reserved 1101824K
  class space    used 7759K, capacity 8338K, committed 8448K, reserved 1048576K
Event: 4320.692 GC heap after
Heap after GC invocations=15 (full 4):
 PSYoungGen      total 321536K, used 0K [0x00000000eab00000, 0x0000000100000000, 0x0000000100000000)
  eden space 293888K, 0% used [0x00000000eab00000,0x00000000eab00000,0x00000000fca00000)
  from space 27648K, 0% used [0x00000000fca00000,0x00000000fca00000,0x00000000fe500000)
  to   space 26624K, 0% used [0x00000000fe600000,0x00000000fe600000,0x0000000100000000)
 ParOldGen       total 148992K, used 33550K [0x00000000c0000000, 0x00000000c9180000, 0x00000000eab00000)
  object space 148992K, 22% used [0x00000000c0000000,0x00000000c20c3918,0x00000000c9180000)
 Metaspace       used 55918K, capacity 57202K, committed 60160K, reserved 1101824K
  class space    used 7359K, capacity 7585K, committed 8448K, reserved 1048576K
}

